#
# A fatal error has been detected by the Java Runtime Environment:
#
#  EXCEPTION_ACCESS_VIOLATION (0xc0000005) at pc=0x00007ff8799efdb5, pid=7408, tid=14396
#
# JRE version: OpenJDK Runtime Environment Corretto-16.0.2.7.1 (16.0.2+7) (build 16.0.2+7)
# Java VM: OpenJDK 64-Bit Server VM Corretto-16.0.2.7.1 (16.0.2+7, mixed mode, sharing, tiered, compressed oops, compressed class ptrs, g1 gc, windows-amd64)
# Problematic frame:
# C  [ig12icd64.dll+0x2afdb5]
#
# No core dump will be written. Minidumps are not enabled by default on client versions of Windows
#
# If you would like to submit a bug report, please visit:
#   https://github.com/corretto/corretto-jdk/issues/
# The crash happened outside the Java Virtual Machine in native code.
# See problematic frame for where to report the bug.
#

---------------  S U M M A R Y ------------

Command Line: -agentlib:jdwp=transport=dt_socket,server=n,suspend=y,address=127.0.0.1:57087 -Dfile.encoding=windows-1252 -Duser.country=US -Duser.language=en -Duser.variant com.apet2929.game.Launcher

Host: 11th Gen Intel(R) Core(TM) i7-1165G7 @ 2.80GHz, 8 cores, 15G,  Windows 10 , 64 bit Build 19041 (10.0.19041.1348)
Time: Thu Jan 13 09:59:15 2022 Central Standard Time elapsed time: 47.565512 seconds (0d 0h 0m 47s)

---------------  T H R E A D  ---------------

Current thread (0x0000020e4ca37a00):  JavaThread "JDWP Transport Listener: dt_socket" daemon [_thread_in_native, id=14396, stack(0x000000ae50b00000,0x000000ae50c00000)]

Stack: [0x000000ae50b00000,0x000000ae50c00000],  sp=0x000000ae50bfdf30,  free space=1015k
Native frames: (J=compiled Java code, j=interpreted, Vv=VM code, C=native code)
C